2014-11-09 17:46:27,204 CRIT Supervisor running as root (no user in config file)
2014-11-09 17:46:27,603 INFO supervisord started with pid 14
2014-11-09 17:46:28,606 INFO spawned: 'nodejs' with pid 17
2014-11-09 17:46:29,843 INFO success: nodejs entered RUNNING state, process has stayed up for > than 1 seconds (startsecs)
2014-11-09 18:19:13,400 CRIT Supervisor running as root (no user in config file)
2014-11-09 18:19:13,470 INFO RPC interface 'supervisor' initialized
2014-11-09 18:19:13,470 CRIT Server 'unix_http_server' running without any HTTP authentication checking
2014-11-09 18:19:13,471 INFO supervisord started with pid 17
2014-11-09 18:19:14,476 INFO spawned: 'geekymenuapp' with pid 20
2014-11-09 18:19:16,395 INFO success: geekymenuapp entered RUNNING state, process has stayed up for > than 1 seconds (startsecs)
2014-11-09 18:20:48,614 INFO stopped: geekymenuapp (exit status 143)
2014-11-09 18:20:48,621 INFO spawned: 'geekymenuapp' with pid 83
2014-11-09 18:20:50,548 INFO success: geekymenuapp entered RUNNING state, process has stayed up for > than 1 seconds (startsecs)
2014-11-09 18:48:34,918 INFO stopped: geekymenuapp (exit status 143)
2014-11-09 18:48:34,924 INFO spawned: 'geekymenuapp' with pid 99
2014-11-09 18:48:36,861 INFO success: geekymenuapp entered RUNNING state, process has stayed up for > than 1 seconds (startsecs)
2014-11-09 18:49:57,496 INFO stopped: geekymenuapp (exit status 143)
2014-11-09 18:49:57,502 INFO spawned: 'geekymenuapp' with pid 115
2014-11-09 18:49:59,342 INFO success: geekymenuapp entered RUNNING state, process has stayed up for > than 1 seconds (startsecs)
2014-11-09 18:52:01,810 INFO stopped: geekymenuapp (exit status 143)
2014-11-09 18:52:01,817 INFO spawned: 'geekymenuapp' with pid 131
2014-11-09 18:52:02,721 INFO exited: geekymenuapp (exit status 8; not expected)
2014-11-09 18:52:03,725 INFO spawned: 'geekymenuapp' with pid 137
2014-11-09 18:52:04,439 INFO exited: geekymenuapp (exit status 8; not expected)
2014-11-09 18:52:06,443 INFO spawned: 'geekymenuapp' with pid 152
2014-11-09 18:52:07,150 INFO exited: geekymenuapp (exit status 8; not expected)
2014-11-09 18:52:10,161 INFO spawned: 'geekymenuapp' with pid 158
2014-11-09 18:52:10,885 INFO exited: geekymenuapp (exit status 8; not expected)
2014-11-09 18:52:11,887 INFO gave up: geekymenuapp entered FATAL state, too many start retries too quickly
2014-11-09 18:52:50,229 INFO spawned: 'geekymenuapp' with pid 165
2014-11-09 18:52:50,835 INFO exited: geekymenuapp (exit status 8; not expected)
2014-11-09 18:52:51,838 INFO spawned: 'geekymenuapp' with pid 171
2014-11-09 18:52:52,543 INFO exited: geekymenuapp (exit status 8; not expected)
2014-11-09 18:52:54,550 INFO spawned: 'geekymenuapp' with pid 186
2014-11-09 18:52:55,253 INFO exited: geekymenuapp (exit status 8; not expected)
2014-11-09 18:52:58,261 INFO spawned: 'geekymenuapp' with pid 192
2014-11-09 18:52:58,996 INFO exited: geekymenuapp (exit status 8; not expected)
2014-11-09 18:52:59,997 INFO gave up: geekymenuapp entered FATAL state, too many start retries too quickly
2014-11-09 18:54:07,425 INFO spawned: 'geekymenuapp' with pid 199
2014-11-09 18:54:09,195 INFO success: geekymenuapp entered RUNNING state, process has stayed up for > than 1 seconds (startsecs)
2014-11-09 18:56:49,238 INFO stopped: geekymenuapp (exit status 143)
2014-11-09 18:56:49,244 INFO spawned: 'geekymenuapp' with pid 215
2014-11-09 18:56:51,086 INFO success: geekymenuapp entered RUNNING state, process has stayed up for > than 1 seconds (startsecs)
2014-11-09 18:59:27,018 INFO stopped: geekymenuapp (exit status 143)
2014-11-09 18:59:27,024 INFO spawned: 'geekymenuapp' with pid 231
2014-11-09 18:59:28,850 INFO success: geekymenuapp entered RUNNING state, process has stayed up for > than 1 seconds (startsecs)
2014-11-09 19:00:19,772 INFO stopped: geekymenuapp (exit status 143)
2014-11-09 19:00:19,780 INFO spawned: 'geekymenuapp' with pid 247
2014-11-09 19:00:21,496 INFO success: geekymenuapp entered RUNNING state, process has stayed up for > than 1 seconds (startsecs)
2014-11-09 19:03:39,825 INFO stopped: geekymenuapp (exit status 143)
2014-11-09 19:03:40,838 INFO spawned: 'geekymenuapp' with pid 263
2014-11-09 19:03:42,675 INFO success: geekymenuapp entered RUNNING state, process has stayed up for > than 1 seconds (startsecs)
2014-11-09 19:05:47,886 INFO stopped: geekymenuapp (exit status 143)
2014-11-09 19:05:47,892 INFO spawned: 'geekymenuapp' with pid 279
2014-11-09 19:05:49,716 INFO success: geekymenuapp entered RUNNING state, process has stayed up for > than 1 seconds (startsecs)
2014-11-09 19:06:53,301 INFO stopped: geekymenuapp (exit status 143)
2014-11-09 19:06:54,312 INFO spawned: 'geekymenuapp' with pid 295
2014-11-09 19:06:56,154 INFO success: geekymenuapp entered RUNNING state, process has stayed up for > than 1 seconds (startsecs)
2014-11-09 19:07:53,148 INFO stopped: geekymenuapp (exit status 143)
2014-11-09 19:07:53,154 INFO spawned: 'geekymenuapp' with pid 311
2014-11-09 19:07:54,859 INFO success: geekymenuapp entered RUNNING state, process has stayed up for > than 1 seconds (startsecs)
2014-11-09 19:08:59,850 INFO stopped: geekymenuapp (exit status 143)
2014-11-09 19:08:59,856 INFO spawned: 'geekymenuapp' with pid 327
2014-11-09 19:09:01,698 INFO success: geekymenuapp entered RUNNING state, process has stayed up for > than 1 seconds (startsecs)
2014-11-09 19:11:16,571 INFO stopped: geekymenuapp (exit status 143)
2014-11-09 19:11:16,577 INFO spawned: 'geekymenuapp' with pid 437
2014-11-09 19:11:18,499 INFO success: geekymenuapp entered RUNNING state, process has stayed up for > than 1 seconds (startsecs)
2014-11-09 19:12:21,203 INFO stopped: geekymenuapp (exit status 143)
2014-11-09 19:12:21,209 INFO spawned: 'geekymenuapp' with pid 481
2014-11-09 19:12:23,027 INFO success: geekymenuapp entered RUNNING state, process has stayed up for > than 1 seconds (startsecs)
2014-11-09 19:13:40,102 INFO stopped: geekymenuapp (exit status 143)
2014-11-09 19:13:40,108 INFO spawned: 'geekymenuapp' with pid 507
2014-11-09 19:13:41,935 INFO success: geekymenuapp entered RUNNING state, process has stayed up for > than 1 seconds (startsecs)
2014-11-09 19:38:58,390 INFO stopped: geekymenuapp (exit status 143)
2014-11-09 19:38:58,396 INFO spawned: 'geekymenuapp' with pid 533
2014-11-09 19:38:59,400 INFO success: geekymenuapp entered RUNNING state, process has stayed up for > than 1 seconds (startsecs)
2014-11-09 19:38:59,534 INFO exited: geekymenuapp (exit status 8; not expected)
2014-11-09 19:39:00,539 INFO spawned: 'geekymenuapp' with pid 544
2014-11-09 19:39:01,378 INFO exited: geekymenuapp (exit status 8; not expected)
2014-11-09 19:39:02,382 INFO spawned: 'geekymenuapp' with pid 547
2014-11-09 19:39:03,167 INFO exited: geekymenuapp (exit status 8; not expected)
2014-11-09 19:39:05,173 INFO spawned: 'geekymenuapp' with pid 549
2014-11-09 19:39:06,000 INFO exited: geekymenuapp (exit status 8; not expected)
2014-11-09 19:39:09,006 INFO spawned: 'geekymenuapp' with pid 551
2014-11-09 19:39:09,821 INFO exited: geekymenuapp (exit status 8; not expected)
2014-11-09 19:39:10,824 INFO gave up: geekymenuapp entered FATAL state, too many start retries too quickly
2014-11-09 19:39:27,684 INFO spawned: 'geekymenuapp' with pid 563
2014-11-09 19:39:28,690 INFO success: geekymenuapp entered RUNNING state, process has stayed up for > than 1 seconds (startsecs)
2014-11-09 19:39:28,754 INFO exited: geekymenuapp (exit status 8; not expected)
2014-11-09 19:39:29,758 INFO spawned: 'geekymenuapp' with pid 578
2014-11-09 19:39:30,684 INFO exited: geekymenuapp (exit status 8; not expected)
2014-11-09 19:39:31,688 INFO spawned: 'geekymenuapp' with pid 585
2014-11-09 19:39:32,578 INFO exited: geekymenuapp (exit status 8; not expected)
2014-11-09 19:39:34,583 INFO spawned: 'geekymenuapp' with pid 591
2014-11-09 19:39:35,456 INFO exited: geekymenuapp (exit status 8; not expected)
2014-11-09 19:39:38,463 INFO spawned: 'geekymenuapp' with pid 597
2014-11-09 19:39:39,378 INFO exited: geekymenuapp (exit status 8; not expected)
2014-11-09 19:39:40,380 INFO gave up: geekymenuapp entered FATAL state, too many start retries too quickly
2014-11-09 19:39:50,258 INFO spawned: 'geekymenuapp' with pid 633
2014-11-09 19:39:51,262 INFO success: geekymenuapp entered RUNNING state, process has stayed up for > than 1 seconds (startsecs)
2014-11-09 19:41:05,800 INFO stopped: geekymenuapp (exit status 143)
2014-11-09 19:41:05,807 INFO spawned: 'geekymenuapp' with pid 649
2014-11-09 19:41:06,811 INFO success: geekymenuapp entered RUNNING state, process has stayed up for > than 1 seconds (startsecs)
2014-11-09 19:41:29,998 INFO stopped: geekymenuapp (exit status 143)
2014-11-09 19:41:30,006 INFO spawned: 'geekymenuapp' with pid 675
2014-11-09 19:41:31,008 INFO success: geekymenuapp entered RUNNING state, process has stayed up for > than 1 seconds (startsecs)
2014-11-09 19:41:43,465 INFO stopped: geekymenuapp (exit status 143)
2014-11-09 19:41:43,472 INFO spawned: 'geekymenuapp' with pid 711
2014-11-09 19:41:44,475 INFO success: geekymenuapp entered RUNNING state, process has stayed up for > than 1 seconds (startsecs)
